06:14:20.592 INFO    thonny: Thonny version: 4.0.1
06:14:20.592 INFO    thonny: cwd: /usr/lib/python3/dist-packages
06:14:20.600 INFO    thonny: original argv: ['/usr/bin/python3', '-u', '-B', '-m', 'thonny.plugins.cpython_backend.cp_launcher', '/home/kimgrace/Desktop']
06:14:20.600 INFO    thonny: sys.executable: /usr/bin/python3
06:14:20.600 INFO    thonny: sys.argv: ['/usr/lib/python3/dist-packages/thonny/plugins/cpython_backend/cp_launcher.py', '/home/kimgrace/Desktop']
06:14:20.600 INFO    thonny: sys.path: ['/usr/lib/python3/dist-packages', '/usr/lib/python39.zip', '/usr/lib/python3.9', '/usr/lib/python3.9/lib-dynload', '/home/kimgrace/.local/lib/python3.9/site-packages', '/usr/local/lib/python3.9/dist-packages', '/usr/lib/python3/dist-packages', '/usr/lib/python3.9/dist-packages']
06:14:20.600 INFO    thonny: sys.flags: sys.flags(debug=0, inspect=0, interactive=0, optimize=0, dont_write_bytecode=1, no_user_site=0, no_site=0, ignore_environment=0, verbose=0, bytes_warning=0, quiet=0, hash_randomization=1, isolated=0, dev_mode=False, utf8_mode=0)
06:14:20.601 INFO    thonny: TIME/MODS 0.011 Before constructing backend (+7 modules)
06:14:20.601 INFO    thonny: NEW MODS ['_ctypes', '_struct', 'ctypes', 'ctypes._endian', 'encodings.ascii', 'faulthandler', 'struct']
06:14:20.602 INFO    thonny: TIME/MODS 0.001 Before MainBackend 
06:14:20.602 INFO    thonny: TIME/MODS 0.000 After MainBackend 
06:14:20.620 INFO    thonny.backend: Loading plugins
06:14:20.621 INFO    thonny: TIME/MODS 0.019 Before loading plugins (+4 modules)
06:14:20.621 INFO    thonny: NEW MODS ['_sysconfigdata__arm-linux-gnueabihf', 'platform', 'pydoc', 'sysconfig']
06:14:20.621 INFO    thonny.common: Using THONNY_FRONTEND_SYS_PATH ['/usr/bin', '/usr/lib/python39.zip', '/usr/lib/python3.9', '/usr/lib/python3.9/lib-dynload', '/usr/local/lib/python3.9/dist-packages', '/usr/lib/python3/dist-packages', '/usr/lib/python3.9/dist-packages', '/home/kimgrace/.config/Thonny/plugins/lib/python3.9/site-packages']
06:14:20.623 INFO    thonny.backend: Loading plugin 'thonny.plugins.backend.birdseye_backend'
06:14:20.624 INFO    thonny.backend: Loading plugin 'thonny.plugins.backend.dock_user_windows_backend'
06:14:20.625 INFO    thonny.backend: Loading plugin 'thonny.plugins.backend.flask_backend'
06:14:20.625 INFO    thonny.backend: Loading plugin 'thonny.plugins.backend.matplotlib_backend'
06:14:20.626 INFO    thonny.backend: Loading plugin 'thonny.plugins.backend.pgzero_backend'
06:14:20.629 INFO    thonny: TIME/MODS 0.009 After loading plugins (+6 modules)
06:14:20.630 INFO    thonny: NEW MODS ['thonny.plugins.backend', 'thonny.plugins.backend.birdseye_backend', 'thonny.plugins.backend.dock_user_windows_backend', 'thonny.plugins.backend.flask_backend', 'thonny.plugins.backend.matplotlib_backend', 'thonny.plugins.backend.pgzero_backend']
06:14:20.630 INFO    thonny: TIME/MODS 0.001 Beginning of mainloop 
06:14:20.631 INFO    thonny: TIME/MODS 0.001 Before Run 
06:14:20.631 INFO    thonny: TIME/MODS 0.000 Starting _execute_file 
06:14:20.631 INFO    thonny: TIME/MODS 0.000 Done preprocessing 
06:14:20.632 INFO    thonny: TIME/MODS 0.000 Done creating executor 
06:14:20.632 INFO    thonny: TIME/MODS 0.000 Before preparing ast in executor 
06:14:20.634 INFO    thonny: TIME/MODS 0.002 After compiling ast in executor (+1 modules)
06:14:20.634 INFO    thonny: NEW MODS ['pgzero']
06:14:20.946 INFO    thonny: TIME/MODS 0.312 Sending message ProgramOutput (+28 modules)
06:14:20.946 INFO    thonny: NEW MODS ['RPi', 'RPi.GPIO', 'RPi._GPIO', '__future__', '_blake2', '_datetime', '_decimal', '_hashlib', 'colorsys', 'colour', 'datetime', 'decimal', 'fractions', 'hashlib', 'mimetypes', 'numbers', 'picamera', 'picamera.bcm_host', 'picamera.camera', 'picamera.color', 'picamera.display', 'picamera.encoders', 'picamera.exc', 'picamera.frames', 'picamera.mmal', 'picamera.mmalobj', 'picamera.renderers', 'picamera.streams']
06:14:20.946 INFO    thonny: TIME/MODS 0.001 Sending message InputRequest 
06:14:27.871 INFO    thonny: TIME/MODS 6.924 After Run 
06:14:27.872 INFO    thonny: TIME/MODS 0.001 Sending message ToplevelResponse 
06:14:27.874 INFO    thonny.backend: Loading Jedi
06:14:27.875 INFO    thonny: TIME/MODS 0.003 Before loading Jedi 
06:14:27.875 INFO    thonny.common: Using THONNY_FRONTEND_SYS_PATH ['/usr/bin', '/usr/lib/python39.zip', '/usr/lib/python3.9', '/usr/lib/python3.9/lib-dynload', '/usr/local/lib/python3.9/dist-packages', '/usr/lib/python3/dist-packages', '/usr/lib/python3.9/dist-packages', '/home/kimgrace/.config/Thonny/plugins/lib/python3.9/site-packages']
06:14:28.064 INFO    thonny: TIME/MODS 0.189 After loading Jedi (+123 modules)
06:14:28.064 INFO    thonny: NEW MODS ['_bz2', '_compat_pickle', '_compression', '_json', '_lzma', '_pickle', 'bz2', 'colorama', 'colorama.ansi', 'colorama.ansitowin32', 'colorama.initialise', 'colorama.win32', 'colorama.winterm', 'difflib', 'filecmp', 'gc', 'jedi', 'jedi._compatibility', 'jedi.api', 'jedi.api.classes', 'jedi.api.completion', 'jedi.api.completion_cache', 'jedi.api.environment', 'jedi.api.errors', 'jedi.api.exceptions', 'jedi.api.file_name', 'jedi.api.helpers', 'jedi.api.interpreter', 'jedi.api.keywords', 'jedi.api.project', 'jedi.api.refactoring', 'jedi.api.refactoring.extract', 'jedi.api.strings', 'jedi.cache', 'jedi.common', 'jedi.debug', 'jedi.file_io', 'jedi.inference', 'jedi.inference.analysis', 'jedi.inference.arguments', 'jedi.inference.base_value', 'jedi.inference.cache', 'jedi.inference.compiled', 'jedi.inference.compiled.access', 'jedi.inference.compiled.getattr_static', 'jedi.inference.compiled.mixed', 'jedi.inference.compiled.subprocess', 'jedi.inference.compiled.subprocess.functions', 'jedi.inference.compiled.value', 'jedi.inference.context', 'jedi.inference.docstrings', 'jedi.inference.filters', 'jedi.inference.flow_analysis', 'jedi.inference.gradual', 'jedi.inference.gradual.annotation', 'jedi.inference.gradual.base', 'jedi.inference.gradual.conversion', 'jedi.inference.gradual.generics', 'jedi.inference.gradual.stub_value', 'jedi.inference.gradual.type_var', 'jedi.inference.gradual.typeshed', 'jedi.inference.gradual.typing', 'jedi.inference.gradual.utils', 'jedi.inference.helpers', 'jedi.inference.imports', 'jedi.inference.lazy_value', 'jedi.inference.names', 'jedi.inference.param', 'jedi.inference.parser_cache', 'jedi.inference.recursion', 'jedi.inference.references', 'jedi.inference.signature', 'jedi.inference.syntax_tree', 'jedi.inference.sys_path', 'jedi.inference.utils', 'jedi.inference.value', 'jedi.inference.value.decorator', 'jedi.inference.value.dynamic_arrays', 'jedi.inference.value.function', 'jedi.inference.value.instance', 'jedi.inference.value.iterable', 'jedi.inference.value.klass', 'jedi.inference.value.module', 'jedi.parser_utils', 'jedi.plugins', 'jedi.plugins.django', 'jedi.plugins.flask', 'jedi.plugins.pytest', 'jedi.plugins.registry', 'jedi.plugins.stdlib', 'jedi.settings', 'json', 'json.decoder', 'json.encoder', 'json.scanner', 'lzma', 'parso', 'parso._compatibility', 'parso.cache', 'parso.file_io', 'parso.grammar', 'parso.normalizer', 'parso.parser', 'parso.pgen2', 'parso.pgen2.generator', 'parso.pgen2.grammar_parser', 'parso.python', 'parso.python.diff', 'parso.python.errors', 'parso.python.parser', 'parso.python.pep8', 'parso.python.prefix', 'parso.python.token', 'parso.python.tokenize', 'parso.python.tree', 'parso.tree', 'parso.utils', 'pickle', 'pydoc_data', 'pydoc_data.topics', 'shutil', 'textwrap', 'zlib']
