05:39:11.387 INFO    thonny: Thonny version: 4.0.1
05:39:11.388 INFO    thonny: cwd: /home/kimgrace
05:39:11.398 INFO    thonny: original argv: ['/usr/bin/python3', '/usr/bin/thonny']
05:39:11.398 INFO    thonny: sys.executable: /usr/bin/python3
05:39:11.399 INFO    thonny: sys.argv: ['/usr/bin/thonny']
05:39:11.399 INFO    thonny: sys.path: ['/usr/bin', '/usr/lib/python39.zip', '/usr/lib/python3.9', '/usr/lib/python3.9/lib-dynload', '/usr/local/lib/python3.9/dist-packages', '/usr/lib/python3/dist-packages', '/usr/lib/python3.9/dist-packages']
05:39:11.399 INFO    thonny: sys.flags: sys.flags(debug=0, inspect=0, interactive=0, optimize=0, dont_write_bytecode=0, no_user_site=0, no_site=0, ignore_environment=0, verbose=0, bytes_warning=0, quiet=0, hash_randomization=1, isolated=0, dev_mode=False, utf8_mode=0)
05:39:12.102 WARNING thonny.workbench: Could not find UI theme 'clam', switching to default
05:39:12.802 INFO    thonny.plugins.cpython_frontend.cp_front: Creating LocalCPythonProxy
05:39:12.803 INFO    thonny.running: Starting the backend: ['/usr/bin/python3', '-u', '-B', '-m', 'thonny.plugins.cpython_backend.cp_launcher', '/home/kimgrace'] /home/kimgrace
05:53:15.619 INFO    thonny: TIME/MODS 844.239 Before Run (+166 modules)
05:53:15.620 INFO    thonny: NEW MODS ['_bisect', '_blake2', '_ctypes', '_datetime', '_hashlib', '_posixsubprocess', '_queue', '_random', '_sha512', '_socket', '_ssl', '_tkinter', 'array', 'base64', 'bisect', 'calendar', 'ctypes', 'ctypes._endian', 'datetime', 'email._encoded_words', 'email._parseaddr', 'email._policybase', 'email.base64mime', 'email.charset', 'email.encoders', 'email.errors', 'email.feedparser', 'email.header', 'email.iterators', 'email.message', 'email.parser', 'email.quoprimime', 'email.utils', 'encodings.ascii', 'faulthandler', 'gettext', 'hashlib', 'http', 'http.client', 'locale', 'math', 'pkgutil', 'platform', 'queue', 'quopri', 'random', 'runpy', 'select', 'selectors', 'shlex', 'signal', 'socket', 'ssl', 'subprocess', 'tempfile', 'textwrap', 'thonny.assistance', 'thonny.ast_utils', 'thonny.backend', 'thonny.base_file_browser', 'thonny.codeview', 'thonny.config', 'thonny.config_ui', 'thonny.editor_helpers', 'thonny.editors', 'thonny.languages', 'thonny.memory', 'thonny.misc_utils', 'thonny.plugins', 'thonny.plugins.about', 'thonny.plugins.assistant_config_page', 'thonny.plugins.ast_view', 'thonny.plugins.autocomplete', 'thonny.plugins.backend', 'thonny.plugins.backend_config_page', 'thonny.plugins.base_syntax_themes', 'thonny.plugins.base_ui_themes', 'thonny.plugins.birdseye_frontend', 'thonny.plugins.calltip', 'thonny.plugins.cells', 'thonny.plugins.circuitpython', 'thonny.plugins.circuitpython.cirpy_front', 'thonny.plugins.clean_ui_themes', 'thonny.plugins.coloring', 'thonny.plugins.commenting_indenting', 'thonny.plugins.common_editing_commands', 'thonny.plugins.cpython_backend', 'thonny.plugins.cpython_backend.cp_back', 'thonny.plugins.cpython_frontend', 'thonny.plugins.cpython_frontend.cp_front', 'thonny.plugins.cpython_ssh', 'thonny.plugins.cpython_ssh.cps_front', 'thonny.plugins.debugger', 'thonny.plugins.dock_user_windows_frontend', 'thonny.plugins.editor_config_page', 'thonny.plugins.esp', 'thonny.plugins.ev3', 'thonny.plugins.event_logging', 'thonny.plugins.event_view', 'thonny.plugins.files', 'thonny.plugins.find_replace', 'thonny.plugins.general_config_page', 'thonny.plugins.goto_definition', 'thonny.plugins.heap', 'thonny.plugins.help', 'thonny.plugins.highlight_names', 'thonny.plugins.locals_marker', 'thonny.plugins.microbit', 'thonny.plugins.micropython', 'thonny.plugins.micropython.mp_common', 'thonny.plugins.micropython.mp_front', 'thonny.plugins.micropython.uf2dialog', 'thonny.plugins.misc_analyzers', 'thonny.plugins.mypy', 'thonny.plugins.notes', 'thonny.plugins.object_inspector', 'thonny.plugins.outline', 'thonny.plugins.paren_matcher', 'thonny.plugins.pgzero_frontend', 'thonny.plugins.pi', 'thonny.plugins.pip_gui', 'thonny.plugins.prime_inventor', 'thonny.plugins.printing', 'thonny.plugins.pylint', 'thonny.plugins.pylint.messages', 'thonny.plugins.pythontutor', 'thonny.plugins.remove_old_data_dir', 'thonny.plugins.replayer', 'thonny.plugins.rp2040', 'thonny.plugins.rpi_pico', 'thonny.plugins.run_debug_config_page', 'thonny.plugins.shell_config_page', 'thonny.plugins.shell_macro', 'thonny.plugins.statement_boxes', 'thonny.plugins.stdlib_error_helpers', 'thonny.plugins.system_shell', 'thonny.plugins.terminal_config_page', 'thonny.plugins.theme_and_font_config_page', 'thonny.plugins.thonny_folders', 'thonny.plugins.todo_view', 'thonny.plugins.tomorrow_syntax_theme', 'thonny.plugins.variables', 'thonny.roughparse', 'thonny.rst_utils', 'thonny.running', 'thonny.shell', 'thonny.terminal', 'thonny.tktextext', 'thonny.token_utils', 'thonny.ui_utils', 'thonny.workbench', 'thonny.workdlg', 'tkinter', 'tkinter.commondialog', 'tkinter.constants', 'tkinter.dialog', 'tkinter.filedialog', 'tkinter.font', 'tkinter.messagebox', 'tkinter.simpledialog', 'tkinter.ttk', 'urllib.error', 'urllib.request', 'urllib.response', 'uu', 'webbrowser']
05:53:15.652 INFO    thonny: TIME/MODS 0.032 After Run 
05:53:15.666 INFO    thonny.running: Killing backend process
05:53:15.666 INFO    thonny.running: Starting the backend: ['/usr/bin/python3', '-u', '-B', '-m', 'thonny.plugins.cpython_backend.cp_launcher', '/home/kimgrace/Desktop'] /home/kimgrace/Desktop
05:53:15.674 INFO    thonny.running: Reader got EOF
05:53:15.678 INFO    thonny.running: Prepared clean state for executing ToplevelCommand(args=['Test.py'], args_str='Test.py', cmd_line='%Run Test.py', tty_mode=True, source=None, name='Run', argv=[], id='cmd_52', local_cwd='/home/kimgrace/Desktop')
05:53:30.169 INFO    thonny: TIME/MODS 14.517 Before Run 
05:53:30.190 INFO    thonny.running: Killing backend process
05:53:30.191 INFO    thonny.running: Starting the backend: ['/usr/bin/python3', '-u', '-B', '-m', 'thonny.plugins.cpython_backend.cp_launcher', '/home/kimgrace/Desktop'] /home/kimgrace/Desktop
05:53:30.200 INFO    thonny.running: Reader got EOF
05:53:30.205 INFO    thonny.running: Prepared clean state for executing ToplevelCommand(args=['Test.py'], args_str='Test.py', cmd_line='%Run Test.py', tty_mode=True, source=None, name='Run', argv=[], id='cmd_56', local_cwd='/home/kimgrace/Desktop')
05:53:30.218 INFO    thonny: TIME/MODS 0.049 After Run 
05:53:40.185 INFO    thonny: TIME/MODS 9.967 Before Run 
05:53:40.208 INFO    thonny.running: Killing backend process
05:53:40.208 INFO    thonny.running: Starting the backend: ['/usr/bin/python3', '-u', '-B', '-m', 'thonny.plugins.cpython_backend.cp_launcher', '/home/kimgrace/Desktop'] /home/kimgrace/Desktop
05:53:40.215 INFO    thonny.running: Reader got EOF
05:53:40.226 INFO    thonny.running: Prepared clean state for executing ToplevelCommand(args=['Test.py'], args_str='Test.py', cmd_line='%Run Test.py', tty_mode=True, source=None, name='Run', argv=[], id='cmd_64', local_cwd='/home/kimgrace/Desktop')
05:53:40.235 INFO    thonny: TIME/MODS 0.049 After Run 
05:53:52.243 INFO    thonny: TIME/MODS 12.008 Before Run 
05:53:52.265 INFO    thonny.running: Killing backend process
05:53:52.266 INFO    thonny.running: Starting the backend: ['/usr/bin/python3', '-u', '-B', '-m', 'thonny.plugins.cpython_backend.cp_launcher', '/home/kimgrace/Desktop'] /home/kimgrace/Desktop
05:53:52.273 INFO    thonny.running: Reader got EOF
05:53:52.278 INFO    thonny.running: Prepared clean state for executing ToplevelCommand(args=['Test.py'], args_str='Test.py', cmd_line='%Run Test.py', tty_mode=True, source=None, name='Run', argv=[], id='cmd_69', local_cwd='/home/kimgrace/Desktop')
05:53:52.290 INFO    thonny: TIME/MODS 0.047 After Run 
05:55:42.278 INFO    thonny: TIME/MODS 109.988 Before Run 
05:55:42.308 INFO    thonny.running: Killing backend process
05:55:42.312 INFO    thonny.running: Starting the backend: ['/usr/bin/python3', '-u', '-B', '-m', 'thonny.plugins.cpython_backend.cp_launcher', '/home/kimgrace/Desktop'] /home/kimgrace/Desktop
05:55:42.314 INFO    thonny.running: Reader got EOF
05:55:42.326 INFO    thonny.running: Prepared clean state for executing ToplevelCommand(args=['Test.py'], args_str='Test.py', cmd_line='%Run Test.py', tty_mode=True, source=None, name='Run', argv=[], id='cmd_78', local_cwd='/home/kimgrace/Desktop')
05:55:42.336 INFO    thonny: TIME/MODS 0.058 After Run 
05:55:55.672 INFO    thonny: TIME/MODS 13.336 Before Run 
05:55:55.695 INFO    thonny.running: Killing backend process
05:55:55.696 INFO    thonny.running: Starting the backend: ['/usr/bin/python3', '-u', '-B', '-m', 'thonny.plugins.cpython_backend.cp_launcher', '/home/kimgrace/Desktop'] /home/kimgrace/Desktop
05:55:55.704 INFO    thonny.running: Reader got EOF
05:55:55.711 INFO    thonny.running: Prepared clean state for executing ToplevelCommand(args=['Test.py'], args_str='Test.py', cmd_line='%Run Test.py', tty_mode=True, source=None, name='Run', argv=[], id='cmd_86', local_cwd='/home/kimgrace/Desktop')
05:55:55.721 INFO    thonny: TIME/MODS 0.049 After Run 
05:57:03.690 INFO    thonny: TIME/MODS 67.969 Before Run 
05:57:03.714 INFO    thonny.running: Killing backend process
05:57:03.716 INFO    thonny.running: Starting the backend: ['/usr/bin/python3', '-u', '-B', '-m', 'thonny.plugins.cpython_backend.cp_launcher', '/home/kimgrace/Desktop'] /home/kimgrace/Desktop
05:57:03.724 INFO    thonny.running: Reader got EOF
05:57:03.733 INFO    thonny.running: Prepared clean state for executing ToplevelCommand(args=['Test.py'], args_str='Test.py', cmd_line='%Run Test.py', tty_mode=True, source=None, name='Run', argv=[], id='cmd_97', local_cwd='/home/kimgrace/Desktop')
05:57:03.744 INFO    thonny: TIME/MODS 0.054 After Run 
05:57:31.175 INFO    thonny: TIME/MODS 27.431 Before Run 
05:57:31.206 INFO    thonny.running: Killing backend process
05:57:31.206 INFO    thonny.running: Starting the backend: ['/usr/bin/python3', '-u', '-B', '-m', 'thonny.plugins.cpython_backend.cp_launcher', '/home/kimgrace/Desktop'] /home/kimgrace/Desktop
05:57:31.212 INFO    thonny.running: Reader got EOF
05:57:31.215 INFO    thonny.running: Prepared clean state for executing ToplevelCommand(args=['Test.py'], args_str='Test.py', cmd_line='%Run Test.py', tty_mode=True, source=None, name='Run', argv=[], id='cmd_98', local_cwd='/home/kimgrace/Desktop')
05:57:31.220 INFO    thonny: TIME/MODS 0.045 After Run 
05:57:45.877 INFO    thonny: TIME/MODS 14.657 Before Run 
05:57:45.901 INFO    thonny.running: Killing backend process
05:57:45.904 INFO    thonny.running: Starting the backend: ['/usr/bin/python3', '-u', '-B', '-m', 'thonny.plugins.cpython_backend.cp_launcher', '/home/kimgrace/Desktop'] /home/kimgrace/Desktop
05:57:45.905 INFO    thonny.running: Reader got EOF
05:57:45.921 INFO    thonny.running: Prepared clean state for executing ToplevelCommand(args=['Test.py'], args_str='Test.py', cmd_line='%Run Test.py', tty_mode=True, source=None, name='Run', argv=[], id='cmd_104', local_cwd='/home/kimgrace/Desktop')
05:57:45.931 INFO    thonny: TIME/MODS 0.054 After Run 
06:00:04.779 INFO    thonny: TIME/MODS 138.848 Before Run 
06:00:04.818 INFO    thonny.running: Killing backend process
06:00:04.819 INFO    thonny.running: Starting the backend: ['/usr/bin/python3', '-u', '-B', '-m', 'thonny.plugins.cpython_backend.cp_launcher', '/home/kimgrace/Desktop'] /home/kimgrace/Desktop
06:00:04.831 INFO    thonny.running: Reader got EOF
06:00:04.837 INFO    thonny.running: Prepared clean state for executing ToplevelCommand(args=['Test.py'], args_str='Test.py', cmd_line='%Run Test.py', tty_mode=True, source=None, name='Run', argv=[], id='cmd_115', local_cwd='/home/kimgrace/Desktop')
06:00:04.849 INFO    thonny: TIME/MODS 0.070 After Run 
06:01:34.289 INFO    thonny: TIME/MODS 89.440 Before Run 
06:01:34.310 INFO    thonny.running: Killing backend process
06:01:34.311 INFO    thonny.running: Starting the backend: ['/usr/bin/python3', '-u', '-B', '-m', 'thonny.plugins.cpython_backend.cp_launcher', '/home/kimgrace/Desktop'] /home/kimgrace/Desktop
06:01:34.318 INFO    thonny.running: Reader got EOF
06:01:34.324 INFO    thonny.running: Prepared clean state for executing ToplevelCommand(args=['Test.py'], args_str='Test.py', cmd_line='%Run Test.py', tty_mode=True, source=None, name='Run', argv=[], id='cmd_126', local_cwd='/home/kimgrace/Desktop')
06:01:34.331 INFO    thonny: TIME/MODS 0.042 After Run 
06:01:46.552 INFO    thonny: TIME/MODS 12.221 Before Run 
06:01:46.573 INFO    thonny.running: Killing backend process
06:01:46.573 INFO    thonny.running: Starting the backend: ['/usr/bin/python3', '-u', '-B', '-m', 'thonny.plugins.cpython_backend.cp_launcher', '/home/kimgrace/Desktop'] /home/kimgrace/Desktop
06:01:46.580 INFO    thonny.running: Reader got EOF
06:01:46.585 INFO    thonny.running: Prepared clean state for executing ToplevelCommand(args=['Test.py'], args_str='Test.py', cmd_line='%Run Test.py', tty_mode=True, source=None, name='Run', argv=[], id='cmd_134', local_cwd='/home/kimgrace/Desktop')
06:01:46.594 INFO    thonny: TIME/MODS 0.041 After Run 
06:03:01.114 INFO    thonny: TIME/MODS 74.520 Before Run 
06:03:01.136 INFO    thonny.running: Killing backend process
06:03:01.137 INFO    thonny.running: Starting the backend: ['/usr/bin/python3', '-u', '-B', '-m', 'thonny.plugins.cpython_backend.cp_launcher', '/home/kimgrace/Desktop'] /home/kimgrace/Desktop
06:03:01.146 INFO    thonny.running: Reader got EOF
06:03:01.151 INFO    thonny.running: Prepared clean state for executing ToplevelCommand(args=['Test.py'], args_str='Test.py', cmd_line='%Run Test.py', tty_mode=True, source=None, name='Run', argv=[], id='cmd_179', local_cwd='/home/kimgrace/Desktop')
06:03:01.159 INFO    thonny: TIME/MODS 0.045 After Run 
06:05:34.908 INFO    thonny: TIME/MODS 153.748 Before Run 
06:05:34.931 INFO    thonny.running: Killing backend process
06:05:34.932 INFO    thonny.running: Starting the backend: ['/usr/bin/python3', '-u', '-B', '-m', 'thonny.plugins.cpython_backend.cp_launcher', '/home/kimgrace/Desktop'] /home/kimgrace/Desktop
06:05:34.939 INFO    thonny.running: Reader got EOF
06:05:34.946 INFO    thonny.running: Prepared clean state for executing ToplevelCommand(args=['Test.py'], args_str='Test.py', cmd_line='%Run Test.py', tty_mode=True, source=None, name='Run', argv=[], id='cmd_190', local_cwd='/home/kimgrace/Desktop')
06:05:34.957 INFO    thonny: TIME/MODS 0.049 After Run 
06:08:03.570 INFO    thonny: TIME/MODS 148.613 Before Run 
06:08:03.592 INFO    thonny.running: Killing backend process
06:08:03.593 INFO    thonny.running: Starting the backend: ['/usr/bin/python3', '-u', '-B', '-m', 'thonny.plugins.cpython_backend.cp_launcher', '/home/kimgrace/Desktop'] /home/kimgrace/Desktop
06:08:03.602 INFO    thonny.running: Reader got EOF
06:08:03.607 INFO    thonny.running: Prepared clean state for executing ToplevelCommand(args=['Test.py'], args_str='Test.py', cmd_line='%Run Test.py', tty_mode=True, source=None, name='Run', argv=[], id='cmd_203', local_cwd='/home/kimgrace/Desktop')
06:08:03.617 INFO    thonny: TIME/MODS 0.047 After Run 
06:10:00.953 INFO    thonny: TIME/MODS 117.337 Before Run 
06:10:00.973 INFO    thonny.running: Killing backend process
06:10:00.974 INFO    thonny.running: Starting the backend: ['/usr/bin/python3', '-u', '-B', '-m', 'thonny.plugins.cpython_backend.cp_launcher', '/home/kimgrace/Desktop'] /home/kimgrace/Desktop
06:10:00.983 INFO    thonny.running: Reader got EOF
06:10:00.989 INFO    thonny.running: Prepared clean state for executing ToplevelCommand(args=['Test.py'], args_str='Test.py', cmd_line='%Run Test.py', tty_mode=True, source=None, name='Run', argv=[], id='cmd_210', local_cwd='/home/kimgrace/Desktop')
06:10:00.998 INFO    thonny: TIME/MODS 0.045 After Run 
06:10:54.499 INFO    thonny: TIME/MODS 53.501 Before Run 
06:10:54.522 INFO    thonny.running: Killing backend process
06:10:54.523 INFO    thonny.running: Starting the backend: ['/usr/bin/python3', '-u', '-B', '-m', 'thonny.plugins.cpython_backend.cp_launcher', '/home/kimgrace/Desktop'] /home/kimgrace/Desktop
06:10:54.531 INFO    thonny.running: Reader got EOF
06:10:54.535 INFO    thonny.running: Prepared clean state for executing ToplevelCommand(args=['Test.py'], args_str='Test.py', cmd_line='%Run Test.py', tty_mode=True, source=None, name='Run', argv=[], id='cmd_219', local_cwd='/home/kimgrace/Desktop')
06:10:54.543 INFO    thonny: TIME/MODS 0.044 After Run 
06:11:08.299 INFO    thonny: TIME/MODS 13.756 Before Run 
06:11:08.320 INFO    thonny.running: Killing backend process
06:11:08.321 INFO    thonny.running: Starting the backend: ['/usr/bin/python3', '-u', '-B', '-m', 'thonny.plugins.cpython_backend.cp_launcher', '/home/kimgrace/Desktop'] /home/kimgrace/Desktop
06:11:08.329 INFO    thonny.running: Reader got EOF
06:11:08.333 INFO    thonny.running: Prepared clean state for executing ToplevelCommand(args=['Test.py'], args_str='Test.py', cmd_line='%Run Test.py', tty_mode=True, source=None, name='Run', argv=[], id='cmd_225', local_cwd='/home/kimgrace/Desktop')
06:11:08.342 INFO    thonny: TIME/MODS 0.043 After Run 
06:11:49.416 INFO    thonny: TIME/MODS 41.074 Before Run 
06:11:49.442 INFO    thonny.running: Killing backend process
06:11:49.443 INFO    thonny.running: Starting the backend: ['/usr/bin/python3', '-u', '-B', '-m', 'thonny.plugins.cpython_backend.cp_launcher', '/home/kimgrace/Desktop'] /home/kimgrace/Desktop
06:11:49.451 INFO    thonny.running: Reader got EOF
06:11:49.455 INFO    thonny.running: Prepared clean state for executing ToplevelCommand(args=['Test.py'], args_str='Test.py', cmd_line='%Run Test.py', tty_mode=True, source=None, name='Run', argv=[], id='cmd_229', local_cwd='/home/kimgrace/Desktop')
06:11:49.464 INFO    thonny: TIME/MODS 0.048 After Run 
06:14:20.278 INFO    thonny: TIME/MODS 150.814 Before Run 
06:14:20.302 INFO    thonny.running: Killing backend process
06:14:20.303 INFO    thonny.running: Starting the backend: ['/usr/bin/python3', '-u', '-B', '-m', 'thonny.plugins.cpython_backend.cp_launcher', '/home/kimgrace/Desktop'] /home/kimgrace/Desktop
06:14:20.310 INFO    thonny.running: Reader got EOF
06:14:20.315 INFO    thonny.running: Prepared clean state for executing ToplevelCommand(args=['Test.py'], args_str='Test.py', cmd_line='%Run Test.py', tty_mode=True, source=None, name='Run', argv=[], id='cmd_278', local_cwd='/home/kimgrace/Desktop')
06:14:20.324 INFO    thonny: TIME/MODS 0.046 After Run 
06:23:50.758 INFO    thonny: TIME/MODS 570.433 Before Run 
06:23:50.787 INFO    thonny.running: Killing backend process
06:23:50.788 INFO    thonny.running: Starting the backend: ['/usr/bin/python3', '-u', '-B', '-m', 'thonny.plugins.cpython_backend.cp_launcher', '/home/kimgrace/Desktop'] /home/kimgrace/Desktop
06:23:50.796 INFO    thonny.running: Reader got EOF
06:23:50.801 INFO    thonny.running: Prepared clean state for executing ToplevelCommand(args=['Test.py'], args_str='Test.py', cmd_line='%Run Test.py', tty_mode=True, source=None, name='Run', argv=[], id='cmd_299', local_cwd='/home/kimgrace/Desktop')
06:23:50.810 INFO    thonny: TIME/MODS 0.053 After Run 
06:24:50.257 INFO    thonny: TIME/MODS 59.447 Before Run 
06:24:50.281 INFO    thonny.running: Killing backend process
06:24:50.281 INFO    thonny.running: Starting the backend: ['/usr/bin/python3', '-u', '-B', '-m', 'thonny.plugins.cpython_backend.cp_launcher', '/home/kimgrace/Desktop'] /home/kimgrace/Desktop
06:24:50.292 INFO    thonny.running: Prepared clean state for executing ToplevelCommand(args=['Test.py'], args_str='Test.py', cmd_line='%Run Test.py', tty_mode=True, source=None, name='Run', argv=[], id='cmd_328', local_cwd='/home/kimgrace/Desktop')
06:24:50.301 INFO    thonny.running: Reader got EOF
06:24:50.304 INFO    thonny: TIME/MODS 0.047 After Run 
06:25:05.794 INFO    thonny: TIME/MODS 15.490 Before Run 
06:25:05.815 INFO    thonny.running: Killing backend process
06:25:05.820 INFO    thonny.running: Starting the backend: ['/usr/bin/python3', '-u', '-B', '-m', 'thonny.plugins.cpython_backend.cp_launcher', '/home/kimgrace/Desktop'] /home/kimgrace/Desktop
06:25:05.832 INFO    thonny.running: Prepared clean state for executing ToplevelCommand(args=['Test.py'], args_str='Test.py', cmd_line='%Run Test.py', tty_mode=True, source=None, name='Run', argv=[], id='cmd_333', local_cwd='/home/kimgrace/Desktop')
06:25:05.833 INFO    thonny.running: Reader got EOF
06:25:05.844 INFO    thonny: TIME/MODS 0.050 After Run 
06:28:45.089 INFO    thonny: TIME/MODS 219.244 Before Run 
06:28:45.128 INFO    thonny.running: Killing backend process
06:28:45.128 INFO    thonny.running: Starting the backend: ['/usr/bin/python3', '-u', '-B', '-m', 'thonny.plugins.cpython_backend.cp_launcher', '/home/kimgrace/Desktop'] /home/kimgrace/Desktop
06:28:45.139 INFO    thonny.running: Prepared clean state for executing ToplevelCommand(args=['Test.py'], args_str='Test.py', cmd_line='%Run Test.py', tty_mode=True, source=None, name='Run', argv=[], id='cmd_344', local_cwd='/home/kimgrace/Desktop')
06:28:45.148 INFO    thonny.running: Reader got EOF
06:28:45.152 INFO    thonny: TIME/MODS 0.063 After Run 
