06:28:45.339 INFO    thonny: Thonny version: 4.0.1
06:28:45.339 INFO    thonny: cwd: /usr/lib/python3/dist-packages
06:28:45.345 INFO    thonny: original argv: ['/usr/bin/python3', '-u', '-B', '-m', 'thonny.plugins.cpython_backend.cp_launcher', '/home/kimgrace/Desktop']
06:28:45.345 INFO    thonny: sys.executable: /usr/bin/python3
06:28:45.346 INFO    thonny: sys.argv: ['/usr/lib/python3/dist-packages/thonny/plugins/cpython_backend/cp_launcher.py', '/home/kimgrace/Desktop']
06:28:45.346 INFO    thonny: sys.path: ['/usr/lib/python3/dist-packages', '/usr/lib/python39.zip', '/usr/lib/python3.9', '/usr/lib/python3.9/lib-dynload', '/home/kimgrace/.local/lib/python3.9/site-packages', '/usr/local/lib/python3.9/dist-packages', '/usr/lib/python3/dist-packages', '/usr/lib/python3.9/dist-packages']
06:28:45.346 INFO    thonny: sys.flags: sys.flags(debug=0, inspect=0, interactive=0, optimize=0, dont_write_bytecode=1, no_user_site=0, no_site=0, ignore_environment=0, verbose=0, bytes_warning=0, quiet=0, hash_randomization=1, isolated=0, dev_mode=False, utf8_mode=0)
06:28:45.346 INFO    thonny: TIME/MODS 0.009 Before constructing backend (+7 modules)
06:28:45.347 INFO    thonny: NEW MODS ['_ctypes', '_struct', 'ctypes', 'ctypes._endian', 'encodings.ascii', 'faulthandler', 'struct']
06:28:45.347 INFO    thonny: TIME/MODS 0.000 Before MainBackend 
06:28:45.347 INFO    thonny: TIME/MODS 0.000 After MainBackend 
06:28:45.362 INFO    thonny.backend: Loading plugins
06:28:45.362 INFO    thonny: TIME/MODS 0.015 Before loading plugins (+4 modules)
06:28:45.362 INFO    thonny: NEW MODS ['_sysconfigdata__arm-linux-gnueabihf', 'platform', 'pydoc', 'sysconfig']
06:28:45.363 INFO    thonny.common: Using THONNY_FRONTEND_SYS_PATH ['/usr/bin', '/usr/lib/python39.zip', '/usr/lib/python3.9', '/usr/lib/python3.9/lib-dynload', '/usr/local/lib/python3.9/dist-packages', '/usr/lib/python3/dist-packages', '/usr/lib/python3.9/dist-packages', '/home/kimgrace/.config/Thonny/plugins/lib/python3.9/site-packages']
06:28:45.365 INFO    thonny.backend: Loading plugin 'thonny.plugins.backend.birdseye_backend'
06:28:45.365 INFO    thonny.backend: Loading plugin 'thonny.plugins.backend.dock_user_windows_backend'
06:28:45.366 INFO    thonny.backend: Loading plugin 'thonny.plugins.backend.flask_backend'
06:28:45.367 INFO    thonny.backend: Loading plugin 'thonny.plugins.backend.matplotlib_backend'
06:28:45.368 INFO    thonny.backend: Loading plugin 'thonny.plugins.backend.pgzero_backend'
06:28:45.371 INFO    thonny: TIME/MODS 0.009 After loading plugins (+6 modules)
06:28:45.372 INFO    thonny: NEW MODS ['thonny.plugins.backend', 'thonny.plugins.backend.birdseye_backend', 'thonny.plugins.backend.dock_user_windows_backend', 'thonny.plugins.backend.flask_backend', 'thonny.plugins.backend.matplotlib_backend', 'thonny.plugins.backend.pgzero_backend']
06:28:45.372 INFO    thonny: TIME/MODS 0.001 Beginning of mainloop 
06:28:45.373 INFO    thonny: TIME/MODS 0.001 Before Run 
06:28:45.373 INFO    thonny: TIME/MODS 0.000 Starting _execute_file 
06:28:45.373 INFO    thonny: TIME/MODS 0.000 Done preprocessing 
06:28:45.373 INFO    thonny: TIME/MODS 0.000 Done creating executor 
06:28:45.373 INFO    thonny: TIME/MODS 0.000 Before preparing ast in executor 
06:28:45.375 INFO    thonny: TIME/MODS 0.001 After compiling ast in executor (+1 modules)
06:28:45.375 INFO    thonny: NEW MODS ['pgzero']
06:28:53.410 INFO    thonny: TIME/MODS 8.035 After Run (+178 modules)
06:28:53.411 INFO    thonny: NEW MODS ['_bisect', '_blake2', '_bz2', '_compat_pickle', '_compression', '_cython_0_29_21', '_datetime', '_decimal', '_hashlib', '_lzma', '_pickle', '_random', '_sha512', 'base64', 'binascii', 'bisect', 'bz2', 'cv2', 'cv2.Error', 'cv2.alphamat', 'cv2.aruco', 'cv2.bgsegm', 'cv2.bioinspired', 'cv2.ccm', 'cv2.cuda', 'cv2.datasets', 'cv2.detail', 'cv2.dnn', 'cv2.dnn_superres', 'cv2.dynafu', 'cv2.face', 'cv2.fisheye', 'cv2.flann', 'cv2.freetype', 'cv2.ft', 'cv2.hdf', 'cv2.hfs', 'cv2.img_hash', 'cv2.intensity_transform', 'cv2.ipp', 'cv2.kinfu', 'cv2.large_kinfu', 'cv2.legacy', 'cv2.line_descriptor', 'cv2.linemod', 'cv2.mcc', 'cv2.ml', 'cv2.motempl', 'cv2.multicalib', 'cv2.ocl', 'cv2.ogl', 'cv2.omnidir', 'cv2.optflow', 'cv2.phase_unwrapping', 'cv2.plot', 'cv2.ppf_match_3d', 'cv2.quality', 'cv2.rapid', 'cv2.reg', 'cv2.rgbd', 'cv2.saliency', 'cv2.samples', 'cv2.structured_light', 'cv2.text', 'cv2.utils', 'cv2.videoio_registry', 'cv2.videostab', 'cv2.viz', 'cv2.ximgproc', 'cv2.ximgproc.segmentation', 'cv2.xphoto', 'cython_runtime', 'datetime', 'decimal', 'hashlib', 'hmac', 'lzma', 'numbers', 'numpy', 'numpy.__config__', 'numpy._distributor_init', 'numpy._globals', 'numpy._pytesttester', 'numpy.compat', 'numpy.compat._inspect', 'numpy.compat.py3k', 'numpy.core', 'numpy.core._add_newdocs', 'numpy.core._asarray', 'numpy.core._dtype', 'numpy.core._dtype_ctypes', 'numpy.core._exceptions', 'numpy.core._internal', 'numpy.core._methods', 'numpy.core._multiarray_tests', 'numpy.core._multiarray_umath', 'numpy.core._string_helpers', 'numpy.core._type_aliases', 'numpy.core._ufunc_config', 'numpy.core.arrayprint', 'numpy.core.defchararray', 'numpy.core.einsumfunc', 'numpy.core.fromnumeric', 'numpy.core.function_base', 'numpy.core.getlimits', 'numpy.core.machar', 'numpy.core.memmap', 'numpy.core.multiarray', 'numpy.core.numeric', 'numpy.core.numerictypes', 'numpy.core.overrides', 'numpy.core.records', 'numpy.core.shape_base', 'numpy.core.umath', 'numpy.ctypeslib', 'numpy.fft', 'numpy.fft._pocketfft', 'numpy.fft._pocketfft_internal', 'numpy.fft.helper', 'numpy.lib', 'numpy.lib._datasource', 'numpy.lib._iotools', 'numpy.lib._version', 'numpy.lib.arraypad', 'numpy.lib.arraysetops', 'numpy.lib.arrayterator', 'numpy.lib.financial', 'numpy.lib.format', 'numpy.lib.function_base', 'numpy.lib.histograms', 'numpy.lib.index_tricks', 'numpy.lib.mixins', 'numpy.lib.nanfunctions', 'numpy.lib.npyio', 'numpy.lib.polynomial', 'numpy.lib.scimath', 'numpy.lib.shape_base', 'numpy.lib.stride_tricks', 'numpy.lib.twodim_base', 'numpy.lib.type_check', 'numpy.lib.ufunclike', 'numpy.lib.utils', 'numpy.linalg', 'numpy.linalg._umath_linalg', 'numpy.linalg.lapack_lite', 'numpy.linalg.linalg', 'numpy.ma', 'numpy.ma.core', 'numpy.ma.extras', 'numpy.matrixlib', 'numpy.matrixlib.defmatrix', 'numpy.polynomial', 'numpy.polynomial._polybase', 'numpy.polynomial.chebyshev', 'numpy.polynomial.hermite', 'numpy.polynomial.hermite_e', 'numpy.polynomial.laguerre', 'numpy.polynomial.legendre', 'numpy.polynomial.polynomial', 'numpy.polynomial.polyutils', 'numpy.random', 'numpy.random._bounded_integers', 'numpy.random._common', 'numpy.random._generator', 'numpy.random._mt19937', 'numpy.random._pcg64', 'numpy.random._philox', 'numpy.random._pickle', 'numpy.random._sfc64', 'numpy.random.bit_generator', 'numpy.random.mtrand', 'numpy.version', 'pickle', 'random', 'secrets', 'shutil', 'textwrap', 'zlib']
06:28:53.412 INFO    thonny: TIME/MODS 0.002 Sending message ToplevelResponse 
06:28:53.416 INFO    thonny.backend: Loading Jedi
06:28:53.417 INFO    thonny: TIME/MODS 0.005 Before loading Jedi 
06:28:53.417 INFO    thonny.common: Using THONNY_FRONTEND_SYS_PATH ['/usr/bin', '/usr/lib/python39.zip', '/usr/lib/python3.9', '/usr/lib/python3.9/lib-dynload', '/usr/local/lib/python3.9/dist-packages', '/usr/lib/python3/dist-packages', '/usr/lib/python3.9/dist-packages', '/home/kimgrace/.config/Thonny/plugins/lib/python3.9/site-packages']
06:28:53.617 INFO    thonny: TIME/MODS 0.200 After loading Jedi (+113 modules)
06:28:53.618 INFO    thonny: NEW MODS ['__future__', '_json', 'colorama', 'colorama.ansi', 'colorama.ansitowin32', 'colorama.initialise', 'colorama.win32', 'colorama.winterm', 'difflib', 'filecmp', 'gc', 'jedi', 'jedi._compatibility', 'jedi.api', 'jedi.api.classes', 'jedi.api.completion', 'jedi.api.completion_cache', 'jedi.api.environment', 'jedi.api.errors', 'jedi.api.exceptions', 'jedi.api.file_name', 'jedi.api.helpers', 'jedi.api.interpreter', 'jedi.api.keywords', 'jedi.api.project', 'jedi.api.refactoring', 'jedi.api.refactoring.extract', 'jedi.api.strings', 'jedi.cache', 'jedi.common', 'jedi.debug', 'jedi.file_io', 'jedi.inference', 'jedi.inference.analysis', 'jedi.inference.arguments', 'jedi.inference.base_value', 'jedi.inference.cache', 'jedi.inference.compiled', 'jedi.inference.compiled.access', 'jedi.inference.compiled.getattr_static', 'jedi.inference.compiled.mixed', 'jedi.inference.compiled.subprocess', 'jedi.inference.compiled.subprocess.functions', 'jedi.inference.compiled.value', 'jedi.inference.context', 'jedi.inference.docstrings', 'jedi.inference.filters', 'jedi.inference.flow_analysis', 'jedi.inference.gradual', 'jedi.inference.gradual.annotation', 'jedi.inference.gradual.base', 'jedi.inference.gradual.conversion', 'jedi.inference.gradual.generics', 'jedi.inference.gradual.stub_value', 'jedi.inference.gradual.type_var', 'jedi.inference.gradual.typeshed', 'jedi.inference.gradual.typing', 'jedi.inference.gradual.utils', 'jedi.inference.helpers', 'jedi.inference.imports', 'jedi.inference.lazy_value', 'jedi.inference.names', 'jedi.inference.param', 'jedi.inference.parser_cache', 'jedi.inference.recursion', 'jedi.inference.references', 'jedi.inference.signature', 'jedi.inference.syntax_tree', 'jedi.inference.sys_path', 'jedi.inference.utils', 'jedi.inference.value', 'jedi.inference.value.decorator', 'jedi.inference.value.dynamic_arrays', 'jedi.inference.value.function', 'jedi.inference.value.instance', 'jedi.inference.value.iterable', 'jedi.inference.value.klass', 'jedi.inference.value.module', 'jedi.parser_utils', 'jedi.plugins', 'jedi.plugins.django', 'jedi.plugins.flask', 'jedi.plugins.pytest', 'jedi.plugins.registry', 'jedi.plugins.stdlib', 'jedi.settings', 'json', 'json.decoder', 'json.encoder', 'json.scanner', 'parso', 'parso._compatibility', 'parso.cache', 'parso.file_io', 'parso.grammar', 'parso.normalizer', 'parso.parser', 'parso.pgen2', 'parso.pgen2.generator', 'parso.pgen2.grammar_parser', 'parso.python', 'parso.python.diff', 'parso.python.errors', 'parso.python.parser', 'parso.python.pep8', 'parso.python.prefix', 'parso.python.token', 'parso.python.tokenize', 'parso.python.tree', 'parso.tree', 'parso.utils', 'pydoc_data', 'pydoc_data.topics']
06:31:09.878 INFO    thonny: TIME/MODS 136.261 Sending message highlight_occurrences_response (+1 modules)
06:31:09.879 INFO    thonny: NEW MODS ['thonny.jedi_utils']
